INFO:     Started server process [6764]
INFO:     Waiting for application startup.
INFO:     Application startup complete.
INFO:     Uvicorn running on http://127.0.0.1:8000 (Press CTRL+C to quit)
ERROR:    Exception in ASGI application
Traceback (most recent call last):
  File "D:\Project\processmind-minimal-runtime-20260709\.runtime\python\Lib\site-packages\uvicorn\protocols\http\httptools_impl.py", line 422, in run_asgi
    result = await app(  # type: ignore[func-returns-value]
             ^^^^^^^^^^^^^^^^^^^^^^^^^^^^^^^^^^^^^^^^^^^^^^
        self.scope, self.receive, self.send
        ^^^^^^^^^^^^^^^^^^^^^^^^^^^^^^^^^^^
    )
    ^
  File "D:\Project\processmind-minimal-runtime-20260709\.runtime\python\Lib\site-packages\uvicorn\middleware\proxy_headers.py", line 63, in __call__
    return await self.app(scope, receive, send)
           ^^^^^^^^^^^^^^^^^^^^^^^^^^^^^^^^^^^^
  File "D:\Project\processmind-minimal-runtime-20260709\.runtime\python\Lib\site-packages\fastapi\applications.py", line 1163, in __call__
    await super().__call__(scope, receive, send)
  File "D:\Project\processmind-minimal-runtime-20260709\.runtime\python\Lib\site-packages\starlette\applications.py", line 90, in __call__
    await self.middleware_stack(scope, receive, send)
  File "D:\Project\processmind-minimal-runtime-20260709\.runtime\python\Lib\site-packages\starlette\middleware\errors.py", line 186, in __call__
    raise exc
  File "D:\Project\processmind-minimal-runtime-20260709\.runtime\python\Lib\site-packages\starlette\middleware\errors.py", line 164, in __call__
    await self.app(scope, receive, _send)
  File "D:\Project\processmind-minimal-runtime-20260709\.runtime\python\Lib\site-packages\starlette\middleware\cors.py", line 96, in __call__
    await self.simple_response(scope, receive, send, request_headers=headers)
  File "D:\Project\processmind-minimal-runtime-20260709\.runtime\python\Lib\site-packages\starlette\middleware\cors.py", line 154, in simple_response
    await self.app(scope, receive, send)
  File "D:\Project\processmind-minimal-runtime-20260709\.runtime\python\Lib\site-packages\starlette\middleware\exceptions.py", line 63, in __call__
    await wrap_app_handling_exceptions(self.app, conn)(scope, receive, send)
  File "D:\Project\processmind-minimal-runtime-20260709\.runtime\python\Lib\site-packages\starlette\_exception_handler.py", line 53, in wrapped_app
    raise exc
  File "D:\Project\processmind-minimal-runtime-20260709\.runtime\python\Lib\site-packages\starlette\_exception_handler.py", line 42, in wrapped_app
    await app(scope, receive, sender)
  File "D:\Project\processmind-minimal-runtime-20260709\.runtime\python\Lib\site-packages\fastapi\middleware\asyncexitstack.py", line 18, in __call__
    await self.app(scope, receive, send)
  File "D:\Project\processmind-minimal-runtime-20260709\.runtime\python\Lib\site-packages\starlette\routing.py", line 660, in __call__
    await self.middleware_stack(scope, receive, send)
  File "D:\Project\processmind-minimal-runtime-20260709\.runtime\python\Lib\site-packages\fastapi\routing.py", line 2683, in app
    await route.handle(scope, receive, send)
  File "D:\Project\processmind-minimal-runtime-20260709\.runtime\python\Lib\site-packages\fastapi\routing.py", line 1753, in handle
    await self.original_router.handle(scope, receive, send)
  File "D:\Project\processmind-minimal-runtime-20260709\.runtime\python\Lib\site-packages\fastapi\routing.py", line 2738, in handle
    await included_router._handle_selected(scope, receive, send)
  File "D:\Project\processmind-minimal-runtime-20260709\.runtime\python\Lib\site-packages\fastapi\routing.py", line 1773, in _handle_selected
    await original_route.handle(scope, receive, send)
  File "D:\Project\processmind-minimal-runtime-20260709\.runtime\python\Lib\site-packages\fastapi\routing.py", line 1264, in handle
    await app(scope, receive, send)
  File "D:\Project\processmind-minimal-runtime-20260709\.runtime\python\Lib\site-packages\fastapi\routing.py", line 150, in app
    await wrap_app_handling_exceptions(app, request)(scope, receive, send)
  File "D:\Project\processmind-minimal-runtime-20260709\.runtime\python\Lib\site-packages\starlette\_exception_handler.py", line 53, in wrapped_app
    raise exc
  File "D:\Project\processmind-minimal-runtime-20260709\.runtime\python\Lib\site-packages\starlette\_exception_handler.py", line 42, in wrapped_app
    await app(scope, receive, sender)
  File "D:\Project\processmind-minimal-runtime-20260709\.runtime\python\Lib\site-packages\fastapi\routing.py", line 136, in app
    response = await f(request)
               ^^^^^^^^^^^^^^^^
  File "D:\Project\processmind-minimal-runtime-20260709\.runtime\python\Lib\site-packages\fastapi\routing.py", line 690, in app
    raw_response = await run_endpoint_function(
                   ^^^^^^^^^^^^^^^^^^^^^^^^^^^^
    ...<3 lines>...
    )
    ^
  File "D:\Project\processmind-minimal-runtime-20260709\.runtime\python\Lib\site-packages\fastapi\routing.py", line 344, in run_endpoint_function
    return await dependant.call(**values)
           ^^^^^^^^^^^^^^^^^^^^^^^^^^^^^^
  File "D:\Project\processmind-minimal-runtime-20260709\process-plan-agent-api\app\routers\extract.py", line 416, in get_latest_finalized_rule_package
    ).scalar_one_or_none()
      ~~~~~~~~~~~~~~~~~~^^
  File "D:\Project\processmind-minimal-runtime-20260709\.runtime\python\Lib\site-packages\sqlalchemy\engine\result.py", line 1541, in scalar_one_or_none
    return self._only_one_row(
           ~~~~~~~~~~~~~~~~~~^
        raise_for_second_row=True, raise_for_none=False, scalar=True
        ^^^^^^^^^^^^^^^^^^^^^^^^^^^^^^^^^^^^^^^^^^^^^^^^^^^^^^^^^^^^
    )
    ^
  File "D:\Project\processmind-minimal-runtime-20260709\.runtime\python\Lib\site-packages\sqlalchemy\engine\result.py", line 852, in _only_one_row
    raise exc.MultipleResultsFound(
    ...<4 lines>...
    )
sqlalchemy.exc.MultipleResultsFound: Multiple rows were found when one or none was required
ERROR:    Exception in ASGI application
Traceback (most recent call last):
  File "D:\Project\processmind-minimal-runtime-20260709\.runtime\python\Lib\site-packages\uvicorn\protocols\http\httptools_impl.py", line 422, in run_asgi
    result = await app(  # type: ignore[func-returns-value]
             ^^^^^^^^^^^^^^^^^^^^^^^^^^^^^^^^^^^^^^^^^^^^^^
        self.scope, self.receive, self.send
        ^^^^^^^^^^^^^^^^^^^^^^^^^^^^^^^^^^^
    )
    ^
  File "D:\Project\processmind-minimal-runtime-20260709\.runtime\python\Lib\site-packages\uvicorn\middleware\proxy_headers.py", line 63, in __call__
    return await self.app(scope, receive, send)
           ^^^^^^^^^^^^^^^^^^^^^^^^^^^^^^^^^^^^
  File "D:\Project\processmind-minimal-runtime-20260709\.runtime\python\Lib\site-packages\fastapi\applications.py", line 1163, in __call__
    await super().__call__(scope, receive, send)
  File "D:\Project\processmind-minimal-runtime-20260709\.runtime\python\Lib\site-packages\starlette\applications.py", line 90, in __call__
    await self.middleware_stack(scope, receive, send)
  File "D:\Project\processmind-minimal-runtime-20260709\.runtime\python\Lib\site-packages\starlette\middleware\errors.py", line 186, in __call__
    raise exc
  File "D:\Project\processmind-minimal-runtime-20260709\.runtime\python\Lib\site-packages\starlette\middleware\errors.py", line 164, in __call__
    await self.app(scope, receive, _send)
  File "D:\Project\processmind-minimal-runtime-20260709\.runtime\python\Lib\site-packages\starlette\middleware\cors.py", line 96, in __call__
    await self.simple_response(scope, receive, send, request_headers=headers)
  File "D:\Project\processmind-minimal-runtime-20260709\.runtime\python\Lib\site-packages\starlette\middleware\cors.py", line 154, in simple_response
    await self.app(scope, receive, send)
  File "D:\Project\processmind-minimal-runtime-20260709\.runtime\python\Lib\site-packages\starlette\middleware\exceptions.py", line 63, in __call__
    await wrap_app_handling_exceptions(self.app, conn)(scope, receive, send)
  File "D:\Project\processmind-minimal-runtime-20260709\.runtime\python\Lib\site-packages\starlette\_exception_handler.py", line 53, in wrapped_app
    raise exc
  File "D:\Project\processmind-minimal-runtime-20260709\.runtime\python\Lib\site-packages\starlette\_exception_handler.py", line 42, in wrapped_app
    await app(scope, receive, sender)
  File "D:\Project\processmind-minimal-runtime-20260709\.runtime\python\Lib\site-packages\fastapi\middleware\asyncexitstack.py", line 18, in __call__
    await self.app(scope, receive, send)
  File "D:\Project\processmind-minimal-runtime-20260709\.runtime\python\Lib\site-packages\starlette\routing.py", line 660, in __call__
    await self.middleware_stack(scope, receive, send)
  File "D:\Project\processmind-minimal-runtime-20260709\.runtime\python\Lib\site-packages\fastapi\routing.py", line 2683, in app
    await route.handle(scope, receive, send)
  File "D:\Project\processmind-minimal-runtime-20260709\.runtime\python\Lib\site-packages\fastapi\routing.py", line 1753, in handle
    await self.original_router.handle(scope, receive, send)
  File "D:\Project\processmind-minimal-runtime-20260709\.runtime\python\Lib\site-packages\fastapi\routing.py", line 2738, in handle
    await included_router._handle_selected(scope, receive, send)
  File "D:\Project\processmind-minimal-runtime-20260709\.runtime\python\Lib\site-packages\fastapi\routing.py", line 1773, in _handle_selected
    await original_route.handle(scope, receive, send)
  File "D:\Project\processmind-minimal-runtime-20260709\.runtime\python\Lib\site-packages\fastapi\routing.py", line 1264, in handle
    await app(scope, receive, send)
  File "D:\Project\processmind-minimal-runtime-20260709\.runtime\python\Lib\site-packages\fastapi\routing.py", line 150, in app
    await wrap_app_handling_exceptions(app, request)(scope, receive, send)
  File "D:\Project\processmind-minimal-runtime-20260709\.runtime\python\Lib\site-packages\starlette\_exception_handler.py", line 53, in wrapped_app
    raise exc
  File "D:\Project\processmind-minimal-runtime-20260709\.runtime\python\Lib\site-packages\starlette\_exception_handler.py", line 42, in wrapped_app
    await app(scope, receive, sender)
  File "D:\Project\processmind-minimal-runtime-20260709\.runtime\python\Lib\site-packages\fastapi\routing.py", line 136, in app
    response = await f(request)
               ^^^^^^^^^^^^^^^^
  File "D:\Project\processmind-minimal-runtime-20260709\.runtime\python\Lib\site-packages\fastapi\routing.py", line 690, in app
    raw_response = await run_endpoint_function(
                   ^^^^^^^^^^^^^^^^^^^^^^^^^^^^
    ...<3 lines>...
    )
    ^
  File "D:\Project\processmind-minimal-runtime-20260709\.runtime\python\Lib\site-packages\fastapi\routing.py", line 344, in run_endpoint_function
    return await dependant.call(**values)
           ^^^^^^^^^^^^^^^^^^^^^^^^^^^^^^
  File "D:\Project\processmind-minimal-runtime-20260709\process-plan-agent-api\app\routers\extract.py", line 416, in get_latest_finalized_rule_package
    ).scalar_one_or_none()
      ~~~~~~~~~~~~~~~~~~^^
  File "D:\Project\processmind-minimal-runtime-20260709\.runtime\python\Lib\site-packages\sqlalchemy\engine\result.py", line 1541, in scalar_one_or_none
    return self._only_one_row(
           ~~~~~~~~~~~~~~~~~~^
        raise_for_second_row=True, raise_for_none=False, scalar=True
        ^^^^^^^^^^^^^^^^^^^^^^^^^^^^^^^^^^^^^^^^^^^^^^^^^^^^^^^^^^^^
    )
    ^
  File "D:\Project\processmind-minimal-runtime-20260709\.runtime\python\Lib\site-packages\sqlalchemy\engine\result.py", line 852, in _only_one_row
    raise exc.MultipleResultsFound(
    ...<4 lines>...
    )
sqlalchemy.exc.MultipleResultsFound: Multiple rows were found when one or none was required
ERROR:    Exception in ASGI application
Traceback (most recent call last):
  File "D:\Project\processmind-minimal-runtime-20260709\.runtime\python\Lib\site-packages\uvicorn\protocols\http\httptools_impl.py", line 422, in run_asgi
    result = await app(  # type: ignore[func-returns-value]
             ^^^^^^^^^^^^^^^^^^^^^^^^^^^^^^^^^^^^^^^^^^^^^^
        self.scope, self.receive, self.send
        ^^^^^^^^^^^^^^^^^^^^^^^^^^^^^^^^^^^
    )
    ^
  File "D:\Project\processmind-minimal-runtime-20260709\.runtime\python\Lib\site-packages\uvicorn\middleware\proxy_headers.py", line 63, in __call__
    return await self.app(scope, receive, send)
           ^^^^^^^^^^^^^^^^^^^^^^^^^^^^^^^^^^^^
  File "D:\Project\processmind-minimal-runtime-20260709\.runtime\python\Lib\site-packages\fastapi\applications.py", line 1163, in __call__
    await super().__call__(scope, receive, send)
  File "D:\Project\processmind-minimal-runtime-20260709\.runtime\python\Lib\site-packages\starlette\applications.py", line 90, in __call__
    await self.middleware_stack(scope, receive, send)
  File "D:\Project\processmind-minimal-runtime-20260709\.runtime\python\Lib\site-packages\starlette\middleware\errors.py", line 186, in __call__
    raise exc
  File "D:\Project\processmind-minimal-runtime-20260709\.runtime\python\Lib\site-packages\starlette\middleware\errors.py", line 164, in __call__
    await self.app(scope, receive, _send)
  File "D:\Project\processmind-minimal-runtime-20260709\.runtime\python\Lib\site-packages\starlette\middleware\cors.py", line 96, in __call__
    await self.simple_response(scope, receive, send, request_headers=headers)
  File "D:\Project\processmind-minimal-runtime-20260709\.runtime\python\Lib\site-packages\starlette\middleware\cors.py", line 154, in simple_response
    await self.app(scope, receive, send)
  File "D:\Project\processmind-minimal-runtime-20260709\.runtime\python\Lib\site-packages\starlette\middleware\exceptions.py", line 63, in __call__
    await wrap_app_handling_exceptions(self.app, conn)(scope, receive, send)
  File "D:\Project\processmind-minimal-runtime-20260709\.runtime\python\Lib\site-packages\starlette\_exception_handler.py", line 53, in wrapped_app
    raise exc
  File "D:\Project\processmind-minimal-runtime-20260709\.runtime\python\Lib\site-packages\starlette\_exception_handler.py", line 42, in wrapped_app
    await app(scope, receive, sender)
  File "D:\Project\processmind-minimal-runtime-20260709\.runtime\python\Lib\site-packages\fastapi\middleware\asyncexitstack.py", line 18, in __call__
    await self.app(scope, receive, send)
  File "D:\Project\processmind-minimal-runtime-20260709\.runtime\python\Lib\site-packages\starlette\routing.py", line 660, in __call__
    await self.middleware_stack(scope, receive, send)
  File "D:\Project\processmind-minimal-runtime-20260709\.runtime\python\Lib\site-packages\fastapi\routing.py", line 2683, in app
    await route.handle(scope, receive, send)
  File "D:\Project\processmind-minimal-runtime-20260709\.runtime\python\Lib\site-packages\fastapi\routing.py", line 1753, in handle
    await self.original_router.handle(scope, receive, send)
  File "D:\Project\processmind-minimal-runtime-20260709\.runtime\python\Lib\site-packages\fastapi\routing.py", line 2738, in handle
    await included_router._handle_selected(scope, receive, send)
  File "D:\Project\processmind-minimal-runtime-20260709\.runtime\python\Lib\site-packages\fastapi\routing.py", line 1773, in _handle_selected
    await original_route.handle(scope, receive, send)
  File "D:\Project\processmind-minimal-runtime-20260709\.runtime\python\Lib\site-packages\fastapi\routing.py", line 1264, in handle
    await app(scope, receive, send)
  File "D:\Project\processmind-minimal-runtime-20260709\.runtime\python\Lib\site-packages\fastapi\routing.py", line 150, in app
    await wrap_app_handling_exceptions(app, request)(scope, receive, send)
  File "D:\Project\processmind-minimal-runtime-20260709\.runtime\python\Lib\site-packages\starlette\_exception_handler.py", line 53, in wrapped_app
    raise exc
  File "D:\Project\processmind-minimal-runtime-20260709\.runtime\python\Lib\site-packages\starlette\_exception_handler.py", line 42, in wrapped_app
    await app(scope, receive, sender)
  File "D:\Project\processmind-minimal-runtime-20260709\.runtime\python\Lib\site-packages\fastapi\routing.py", line 136, in app
    response = await f(request)
               ^^^^^^^^^^^^^^^^
  File "D:\Project\processmind-minimal-runtime-20260709\.runtime\python\Lib\site-packages\fastapi\routing.py", line 690, in app
    raw_response = await run_endpoint_function(
                   ^^^^^^^^^^^^^^^^^^^^^^^^^^^^
    ...<3 lines>...
    )
    ^
  File "D:\Project\processmind-minimal-runtime-20260709\.runtime\python\Lib\site-packages\fastapi\routing.py", line 344, in run_endpoint_function
    return await dependant.call(**values)
           ^^^^^^^^^^^^^^^^^^^^^^^^^^^^^^
  File "D:\Project\processmind-minimal-runtime-20260709\process-plan-agent-api\app\routers\extract.py", line 416, in get_latest_finalized_rule_package
    ).scalar_one_or_none()
      ~~~~~~~~~~~~~~~~~~^^
  File "D:\Project\processmind-minimal-runtime-20260709\.runtime\python\Lib\site-packages\sqlalchemy\engine\result.py", line 1541, in scalar_one_or_none
    return self._only_one_row(
           ~~~~~~~~~~~~~~~~~~^
        raise_for_second_row=True, raise_for_none=False, scalar=True
        ^^^^^^^^^^^^^^^^^^^^^^^^^^^^^^^^^^^^^^^^^^^^^^^^^^^^^^^^^^^^
    )
    ^
  File "D:\Project\processmind-minimal-runtime-20260709\.runtime\python\Lib\site-packages\sqlalchemy\engine\result.py", line 852, in _only_one_row
    raise exc.MultipleResultsFound(
    ...<4 lines>...
    )
sqlalchemy.exc.MultipleResultsFound: Multiple rows were found when one or none was required
ERROR:    Exception in ASGI application
Traceback (most recent call last):
  File "D:\Project\processmind-minimal-runtime-20260709\.runtime\python\Lib\site-packages\uvicorn\protocols\http\httptools_impl.py", line 422, in run_asgi
    result = await app(  # type: ignore[func-returns-value]
             ^^^^^^^^^^^^^^^^^^^^^^^^^^^^^^^^^^^^^^^^^^^^^^
        self.scope, self.receive, self.send
        ^^^^^^^^^^^^^^^^^^^^^^^^^^^^^^^^^^^
    )
    ^
  File "D:\Project\processmind-minimal-runtime-20260709\.runtime\python\Lib\site-packages\uvicorn\middleware\proxy_headers.py", line 63, in __call__
    return await self.app(scope, receive, send)
           ^^^^^^^^^^^^^^^^^^^^^^^^^^^^^^^^^^^^
  File "D:\Project\processmind-minimal-runtime-20260709\.runtime\python\Lib\site-packages\fastapi\applications.py", line 1163, in __call__
    await super().__call__(scope, receive, send)
  File "D:\Project\processmind-minimal-runtime-20260709\.runtime\python\Lib\site-packages\starlette\applications.py", line 90, in __call__
    await self.middleware_stack(scope, receive, send)
  File "D:\Project\processmind-minimal-runtime-20260709\.runtime\python\Lib\site-packages\starlette\middleware\errors.py", line 186, in __call__
    raise exc
  File "D:\Project\processmind-minimal-runtime-20260709\.runtime\python\Lib\site-packages\starlette\middleware\errors.py", line 164, in __call__
    await self.app(scope, receive, _send)
  File "D:\Project\processmind-minimal-runtime-20260709\.runtime\python\Lib\site-packages\starlette\middleware\cors.py", line 96, in __call__
    await self.simple_response(scope, receive, send, request_headers=headers)
  File "D:\Project\processmind-minimal-runtime-20260709\.runtime\python\Lib\site-packages\starlette\middleware\cors.py", line 154, in simple_response
    await self.app(scope, receive, send)
  File "D:\Project\processmind-minimal-runtime-20260709\.runtime\python\Lib\site-packages\starlette\middleware\exceptions.py", line 63, in __call__
    await wrap_app_handling_exceptions(self.app, conn)(scope, receive, send)
  File "D:\Project\processmind-minimal-runtime-20260709\.runtime\python\Lib\site-packages\starlette\_exception_handler.py", line 53, in wrapped_app
    raise exc
  File "D:\Project\processmind-minimal-runtime-20260709\.runtime\python\Lib\site-packages\starlette\_exception_handler.py", line 42, in wrapped_app
    await app(scope, receive, sender)
  File "D:\Project\processmind-minimal-runtime-20260709\.runtime\python\Lib\site-packages\fastapi\middleware\asyncexitstack.py", line 18, in __call__
    await self.app(scope, receive, send)
  File "D:\Project\processmind-minimal-runtime-20260709\.runtime\python\Lib\site-packages\starlette\routing.py", line 660, in __call__
    await self.middleware_stack(scope, receive, send)
  File "D:\Project\processmind-minimal-runtime-20260709\.runtime\python\Lib\site-packages\fastapi\routing.py", line 2683, in app
    await route.handle(scope, receive, send)
  File "D:\Project\processmind-minimal-runtime-20260709\.runtime\python\Lib\site-packages\fastapi\routing.py", line 1753, in handle
    await self.original_router.handle(scope, receive, send)
  File "D:\Project\processmind-minimal-runtime-20260709\.runtime\python\Lib\site-packages\fastapi\routing.py", line 2738, in handle
    await included_router._handle_selected(scope, receive, send)
  File "D:\Project\processmind-minimal-runtime-20260709\.runtime\python\Lib\site-packages\fastapi\routing.py", line 1773, in _handle_selected
    await original_route.handle(scope, receive, send)
  File "D:\Project\processmind-minimal-runtime-20260709\.runtime\python\Lib\site-packages\fastapi\routing.py", line 1264, in handle
    await app(scope, receive, send)
  File "D:\Project\processmind-minimal-runtime-20260709\.runtime\python\Lib\site-packages\fastapi\routing.py", line 150, in app
    await wrap_app_handling_exceptions(app, request)(scope, receive, send)
  File "D:\Project\processmind-minimal-runtime-20260709\.runtime\python\Lib\site-packages\starlette\_exception_handler.py", line 53, in wrapped_app
    raise exc
  File "D:\Project\processmind-minimal-runtime-20260709\.runtime\python\Lib\site-packages\starlette\_exception_handler.py", line 42, in wrapped_app
    await app(scope, receive, sender)
  File "D:\Project\processmind-minimal-runtime-20260709\.runtime\python\Lib\site-packages\fastapi\routing.py", line 136, in app
    response = await f(request)
               ^^^^^^^^^^^^^^^^
  File "D:\Project\processmind-minimal-runtime-20260709\.runtime\python\Lib\site-packages\fastapi\routing.py", line 690, in app
    raw_response = await run_endpoint_function(
                   ^^^^^^^^^^^^^^^^^^^^^^^^^^^^
    ...<3 lines>...
    )
    ^
  File "D:\Project\processmind-minimal-runtime-20260709\.runtime\python\Lib\site-packages\fastapi\routing.py", line 344, in run_endpoint_function
    return await dependant.call(**values)
           ^^^^^^^^^^^^^^^^^^^^^^^^^^^^^^
  File "D:\Project\processmind-minimal-runtime-20260709\process-plan-agent-api\app\routers\extract.py", line 416, in get_latest_finalized_rule_package
    ).scalar_one_or_none()
      ~~~~~~~~~~~~~~~~~~^^
  File "D:\Project\processmind-minimal-runtime-20260709\.runtime\python\Lib\site-packages\sqlalchemy\engine\result.py", line 1541, in scalar_one_or_none
    return self._only_one_row(
           ~~~~~~~~~~~~~~~~~~^
        raise_for_second_row=True, raise_for_none=False, scalar=True
        ^^^^^^^^^^^^^^^^^^^^^^^^^^^^^^^^^^^^^^^^^^^^^^^^^^^^^^^^^^^^
    )
    ^
  File "D:\Project\processmind-minimal-runtime-20260709\.runtime\python\Lib\site-packages\sqlalchemy\engine\result.py", line 852, in _only_one_row
    raise exc.MultipleResultsFound(
    ...<4 lines>...
    )
sqlalchemy.exc.MultipleResultsFound: Multiple rows were found when one or none was required
